[19:08:53] [Oracle-10] 📡 SNMP V3 Initialized at address: 0xdf13756bc711eafd936e90162eb949e4753dd260459d66e855824b9c461fc1d5
[19:08:53] [Oracle-10] --- ORACLE-10 STARTED (SNMP V3 MODE) ---
[19:08:53] [Oracle-10] Listening for SNMP V3 AuthPriv Traps on port 5014
[19:08:53] [Oracle-10] Health-check HTTP server listening on port 6010
[19:08:58] [Oracle-10] >>> VOTE OLT 11 -> 1
[19:09:00] [Oracle-10]     [GAS] budget=4827200 | spent=1000000
[19:09:00] [Oracle-10]     [OK] Notarized.
[19:09:00] [Oracle-10] >>> VOTE OLT 12 -> 1
[19:09:01] [Oracle-10]     [GAS] budget=4827200 | spent=1000000
[19:09:01] [Oracle-10]     [OK] Notarized.
[19:09:01] [Oracle-10] >>> VOTE OLT 13 -> 1
[19:09:02] [Oracle-10]     [GAS] budget=4827200 | spent=1000000
[19:09:02] [Oracle-10]     [OK] Notarized.
[19:09:02] [Oracle-10] >>> VOTE OLT 14 -> 1
[19:09:03] [Oracle-10]     [GAS] budget=4827200 | spent=1000000
[19:09:03] [Oracle-10]     [INFO] Already registered.
[19:09:03] [Oracle-10] >>> VOTE OLT 15 -> 1
[19:09:04] [Oracle-10]     [GAS] budget=4827200 | spent=1000000
[19:09:04] [Oracle-10]     [INFO] Already registered.
[19:09:04] [Oracle-10] >>> VOTE OLT 16 -> 1
[19:09:05] [Oracle-10]     [GAS] budget=4827200 | spent=1000000
[19:09:05] [Oracle-10]     [INFO] Already registered.
[19:09:05] [Oracle-10] >>> VOTE OLT 17 -> 1
[19:09:06] [Oracle-10]     [GAS] budget=4827200 | spent=1000000
[19:09:06] [Oracle-10]     [INFO] Already registered.
[19:09:06] [Oracle-10] >>> VOTE OLT 18 -> 1
[19:09:07] [Oracle-10]     [GAS] budget=4827200 | spent=1000000
[19:09:07] [Oracle-10]     [OK] Notarized.
[19:09:07] [Oracle-10] >>> VOTE OLT 19 -> 1
[19:09:08] [Oracle-10]     [GAS] budget=4827200 | spent=1000000
[19:09:08] [Oracle-10]     [OK] Notarized.
[19:09:08] [Oracle-10] >>> VOTE OLT 20 -> 1
[19:09:09] [Oracle-10]     [GAS] budget=4827200 | spent=1000000
[19:09:09] [Oracle-10]     [OK] Notarized.
[19:10:13] [Oracle-10] TIMEOUT: OLT 11
[19:10:13] [Oracle-10] >>> VOTE OLT 11 -> 0
[19:10:13] [Oracle-10] TIMEOUT: OLT 12
[19:10:13] [Oracle-10] TIMEOUT: OLT 13
[19:10:13] [Oracle-10] TIMEOUT: OLT 14
[19:10:13] [Oracle-10] TIMEOUT: OLT 15
[19:10:13] [Oracle-10] TIMEOUT: OLT 16
[19:10:13] [Oracle-10] TIMEOUT: OLT 17
[19:10:13] [Oracle-10] TIMEOUT: OLT 18
[19:10:13] [Oracle-10] TIMEOUT: OLT 19
[19:10:13] [Oracle-10] TIMEOUT: OLT 20
[19:10:15] [Oracle-10]     [GAS] budget=2000000 | spent=1000000
[19:10:15] [Oracle-10]     [INFO] Already registered.
[19:10:15] [Oracle-10] >>> VOTE OLT 12 -> 0
[19:10:16] [Oracle-10]     [GAS] budget=2000000 | spent=1000000
[19:10:16] [Oracle-10]     [INFO] Already registered.
[19:10:16] [Oracle-10] >>> VOTE OLT 13 -> 0
[19:10:17] [Oracle-10]     [GAS] budget=2000000 | spent=1000000
[19:10:17] [Oracle-10]     [INFO] Already registered.
[19:10:17] [Oracle-10] >>> VOTE OLT 14 -> 0
[19:10:18] [Oracle-10]     [GAS] budget=2000000 | spent=1000000
[19:10:18] [Oracle-10]     [INFO] Already registered.
[19:10:18] [Oracle-10] >>> VOTE OLT 15 -> 0
[19:10:19] [Oracle-10]     [GAS] budget=2000000 | spent=1000000
[19:10:19] [Oracle-10]     [INFO] Already registered.
[19:10:19] [Oracle-10] >>> VOTE OLT 16 -> 0
[19:10:20] [Oracle-10]     [INFO] Already registered.
[19:10:20] [Oracle-10] >>> VOTE OLT 17 -> 0
[19:10:21] [Oracle-10]     [GAS] budget=2000000 | spent=1000000
[19:10:21] [Oracle-10]     [INFO] Already registered.
[19:10:21] [Oracle-10] >>> VOTE OLT 18 -> 0
[19:10:22] [Oracle-10]     [GAS] budget=2000000 | spent=1000000
[19:10:22] [Oracle-10]     [INFO] Already registered.
[19:10:22] [Oracle-10] >>> VOTE OLT 19 -> 0
[19:10:23] [Oracle-10]     [GAS] budget=2000000 | spent=1000000
[19:10:23] [Oracle-10]     [INFO] Already registered.
[19:10:23] [Oracle-10] >>> VOTE OLT 20 -> 0
[19:10:24] [Oracle-10]     [GAS] budget=2000000 | spent=1000000
[19:10:24] [Oracle-10]     [INFO] Already registered.
