[19:08:51] [Oracle-4] 📡 SNMP V3 Initialized at address: 0x7826ea1a9f164b9716dead289caaccb4d573f68223ad5c1adcb8cb9dd940c326
[19:08:51] [Oracle-4] --- ORACLE-4 STARTED (SNMP V3 MODE) ---
[19:08:51] [Oracle-4] Listening for SNMP V3 AuthPriv Traps on port 5008
[19:08:51] [Oracle-4] Health-check HTTP server listening on port 6004
[19:08:58] [Oracle-4] >>> VOTE OLT 1 -> 1
[19:09:00] [Oracle-4]     [GAS] budget=4827200 | spent=1000000
[19:09:00] [Oracle-4]     [INFO] Already registered.
[19:09:00] [Oracle-4] >>> VOTE OLT 2 -> 1
[19:09:01] [Oracle-4]     [GAS] budget=4827200 | spent=1000000
[19:09:01] [Oracle-4]     [INFO] Already registered.
[19:09:01] [Oracle-4] >>> VOTE OLT 3 -> 1
[19:09:02] [Oracle-4]     [GAS] budget=4827200 | spent=1000000
[19:09:02] [Oracle-4]     [INFO] Already registered.
[19:09:02] [Oracle-4] >>> VOTE OLT 4 -> 1
[19:09:03] [Oracle-4]     [GAS] budget=4827200 | spent=1000000
[19:09:03] [Oracle-4]     [INFO] Already registered.
[19:09:03] [Oracle-4] >>> VOTE OLT 5 -> 1
[19:09:04] [Oracle-4]     [GAS] budget=4827200 | spent=1060800
[19:09:04] [Oracle-4]     [OK] Notarized.
[19:09:04] [Oracle-4] >>> VOTE OLT 6 -> 1
[19:09:05] [Oracle-4]     [GAS] budget=4827200 | spent=1060800
[19:09:05] [Oracle-4]     [OK] Notarized.
[19:09:05] [Oracle-4] >>> VOTE OLT 7 -> 1
[19:09:06] [Oracle-4]     [GAS] budget=4827200 | spent=1060800
[19:09:06] [Oracle-4]     [OK] Notarized.
[19:09:06] [Oracle-4] >>> VOTE OLT 8 -> 1
[19:09:07] [Oracle-4]     [GAS] budget=4827200 | spent=1000000
[19:09:07] [Oracle-4]     [INFO] Already registered.
[19:09:07] [Oracle-4] >>> VOTE OLT 9 -> 1
[19:09:08] [Oracle-4]     [GAS] budget=4827200 | spent=1000000
[19:09:08] [Oracle-4]     [INFO] Already registered.
[19:09:08] [Oracle-4] >>> VOTE OLT 10 -> 1
[19:09:09] [Oracle-4]     [GAS] budget=4827200 | spent=1000000
[19:09:09] [Oracle-4]     [INFO] Already registered.
[19:10:12] [Oracle-4] TIMEOUT: OLT 1
[19:10:12] [Oracle-4] >>> VOTE OLT 1 -> 0
[19:10:12] [Oracle-4] TIMEOUT: OLT 2
[19:10:12] [Oracle-4] TIMEOUT: OLT 3
[19:10:12] [Oracle-4] TIMEOUT: OLT 4
[19:10:12] [Oracle-4] TIMEOUT: OLT 5
[19:10:12] [Oracle-4] TIMEOUT: OLT 6
[19:10:12] [Oracle-4] TIMEOUT: OLT 7
[19:10:12] [Oracle-4] TIMEOUT: OLT 8
[19:10:12] [Oracle-4] TIMEOUT: OLT 9
[19:10:12] [Oracle-4] TIMEOUT: OLT 10
[19:10:13] [Oracle-4]     [GAS] budget=3041200 | spent=1000000
[19:10:13] [Oracle-4]     [INFO] Already registered.
[19:10:13] [Oracle-4] >>> VOTE OLT 2 -> 0
[19:10:14] [Oracle-4]     [GAS] budget=2000000 | spent=1000000
[19:10:14] [Oracle-4]     [INFO] Already registered.
[19:10:14] [Oracle-4] >>> VOTE OLT 3 -> 0
[19:10:15] [Oracle-4]     [GAS] budget=3041200 | spent=1000000
[19:10:15] [Oracle-4]     [INFO] Already registered.
[19:10:15] [Oracle-4] >>> VOTE OLT 4 -> 0
[19:10:16] [Oracle-4]     [GAS] budget=3041200 | spent=1000000
[19:10:16] [Oracle-4]     [INFO] Already registered.
[19:10:16] [Oracle-4] >>> VOTE OLT 5 -> 0
[19:10:17] [Oracle-4]     [GAS] budget=3041200 | spent=1000000
[19:10:17] [Oracle-4]     [INFO] Already registered.
[19:10:17] [Oracle-4] >>> VOTE OLT 6 -> 0
[19:10:18] [Oracle-4]     [GAS] budget=3041200 | spent=1000000
[19:10:18] [Oracle-4]     [INFO] Already registered.
[19:10:18] [Oracle-4] >>> VOTE OLT 7 -> 0
[19:10:19] [Oracle-4]     [GAS] budget=4827200 | spent=1000000
[19:10:19] [Oracle-4]     [INFO] Already registered.
[19:10:19] [Oracle-4] >>> VOTE OLT 8 -> 0
[19:10:20] [Oracle-4]     [GAS] budget=4827200 | spent=1000000
[19:10:20] [Oracle-4]     [INFO] Already registered.
[19:10:20] [Oracle-4] >>> VOTE OLT 9 -> 0
[19:10:21] [Oracle-4]     [GAS] budget=4827200 | spent=1000000
[19:10:21] [Oracle-4]     [INFO] Already registered.
[19:10:21] [Oracle-4] >>> VOTE OLT 10 -> 0
[19:10:22] [Oracle-4]     [GAS] budget=4827200 | spent=1000000
[19:10:22] [Oracle-4]     [INFO] Already registered.
