[19:08:52] [Oracle-5] 📡 SNMP V3 Initialized at address: 0x8c745985f4ba2f7285446bc1f55923912300cd4db0c9677624f1d98dc402449b
[19:08:52] [Oracle-5] --- ORACLE-5 STARTED (SNMP V3 MODE) ---
[19:08:52] [Oracle-5] Listening for SNMP V3 AuthPriv Traps on port 5009
[19:08:52] [Oracle-5] Health-check HTTP server listening on port 6005
[19:08:58] [Oracle-5] >>> VOTE OLT 1 -> 1
[19:09:00] [Oracle-5]     [GAS] budget=4827200 | spent=1060800
[19:09:00] [Oracle-5]     [OK] Notarized.
[19:09:00] [Oracle-5] >>> VOTE OLT 2 -> 1
[19:09:01] [Oracle-5]     [GAS] budget=4827200 | spent=2846800
[19:09:01] [Oracle-5]     [OK] Notarized.
[19:09:01] [Oracle-5] >>> VOTE OLT 3 -> 1
[19:09:02] [Oracle-5]     [GAS] budget=4827200 | spent=1000000
[19:09:02] [Oracle-5]     [INFO] Already registered.
[19:09:02] [Oracle-5] >>> VOTE OLT 4 -> 1
[19:09:03] [Oracle-5]     [GAS] budget=4827200 | spent=1000000
[19:09:03] [Oracle-5]     [INFO] Already registered.
[19:09:03] [Oracle-5] >>> VOTE OLT 5 -> 1
[19:09:04] [Oracle-5]     [GAS] budget=4827200 | spent=1000000
[19:09:04] [Oracle-5]     [INFO] Already registered.
[19:09:04] [Oracle-5] >>> VOTE OLT 6 -> 1
[19:09:05] [Oracle-5]     [GAS] budget=4827200 | spent=1000000
[19:09:05] [Oracle-5]     [INFO] Already registered.
[19:09:05] [Oracle-5] >>> VOTE OLT 7 -> 1
[19:09:06] [Oracle-5]     [GAS] budget=4827200 | spent=1000000
[19:09:06] [Oracle-5]     [INFO] Already registered.
[19:09:06] [Oracle-5] >>> VOTE OLT 8 -> 1
[19:09:07] [Oracle-5]     [GAS] budget=4827200 | spent=1000000
[19:09:07] [Oracle-5]     [INFO] Already registered.
[19:09:07] [Oracle-5] >>> VOTE OLT 9 -> 1
[19:09:08] [Oracle-5]     [GAS] budget=4827200 | spent=1000000
[19:09:08] [Oracle-5]     [INFO] Already registered.
[19:09:08] [Oracle-5] >>> VOTE OLT 10 -> 1
[19:09:10] [Oracle-5]     [GAS] budget=4827200 | spent=1000000
[19:09:10] [Oracle-5]     [INFO] Already registered.
[19:10:12] [Oracle-5] TIMEOUT: OLT 1
[19:10:12] [Oracle-5] >>> VOTE OLT 1 -> 0
[19:10:12] [Oracle-5] TIMEOUT: OLT 2
[19:10:12] [Oracle-5] TIMEOUT: OLT 3
[19:10:12] [Oracle-5] TIMEOUT: OLT 4
[19:10:12] [Oracle-5] TIMEOUT: OLT 5
[19:10:12] [Oracle-5] TIMEOUT: OLT 6
[19:10:12] [Oracle-5] TIMEOUT: OLT 7
[19:10:12] [Oracle-5] TIMEOUT: OLT 8
[19:10:12] [Oracle-5] TIMEOUT: OLT 9
[19:10:12] [Oracle-5] TIMEOUT: OLT 10
[19:10:13] [Oracle-5]     [GAS] budget=2000000 | spent=1000000
[19:10:13] [Oracle-5]     [INFO] Already registered.
[19:10:13] [Oracle-5] >>> VOTE OLT 2 -> 0
[19:10:14] [Oracle-5]     [GAS] budget=2000000 | spent=1000000
[19:10:14] [Oracle-5]     [INFO] Already registered.
[19:10:14] [Oracle-5] >>> VOTE OLT 3 -> 0
[19:10:15] [Oracle-5]     [GAS] budget=2000000 | spent=1000000
[19:10:15] [Oracle-5]     [INFO] Already registered.
[19:10:15] [Oracle-5] >>> VOTE OLT 4 -> 0
[19:10:15] [Oracle-5]     [INFO] Already registered.
[19:10:16] [Oracle-5] >>> VOTE OLT 5 -> 0
[19:10:17] [Oracle-5]     [GAS] budget=4827200 | spent=1000000
[19:10:17] [Oracle-5]     [INFO] Already registered.
[19:10:17] [Oracle-5] >>> VOTE OLT 6 -> 0
[19:10:18] [Oracle-5]     [GAS] budget=4827200 | spent=1000000
[19:10:18] [Oracle-5]     [INFO] Already registered.
[19:10:18] [Oracle-5] >>> VOTE OLT 7 -> 0
[19:10:19] [Oracle-5]     [GAS] budget=4827200 | spent=1000000
[19:10:19] [Oracle-5]     [INFO] Already registered.
[19:10:19] [Oracle-5] >>> VOTE OLT 8 -> 0
[19:10:20] [Oracle-5]     [GAS] budget=4827200 | spent=1000000
[19:10:20] [Oracle-5]     [INFO] Already registered.
[19:10:20] [Oracle-5] >>> VOTE OLT 9 -> 0
[19:10:21] [Oracle-5]     [GAS] budget=4827200 | spent=1000000
[19:10:21] [Oracle-5]     [INFO] Already registered.
[19:10:21] [Oracle-5] >>> VOTE OLT 10 -> 0
[19:10:22] [Oracle-5]     [GAS] budget=4827200 | spent=1000000
[19:10:22] [Oracle-5]     [INFO] Already registered.
